<?xml version="1.0" encoding="UTF-8"?>
<!-- Generated by org.testng.reporters.JUnitReportReporter -->
<testsuite hostname="USPHXAWNC0038Y6" name="edu.apollogrp.tests.InternalTransfer.InternalTransfer_ER_FA_TestNG" tests="21" failures="1" timestamp="10 Mar 2017 23:18:55 GMT" time="625.015" errors="0">
  <testcase name="setUpER" time="14.280" classname="edu.apollogrp.tests.InternalTransfer.InternalTransfer_ER_FA_TestNG"/>
  <testcase name="clickUserNameER" time="0.652" classname="edu.apollogrp.tests.InternalTransfer.InternalTransfer_ER_FA_TestNG"/>
  <testcase name="endFACall" time="1.006" classname="edu.apollogrp.tests.InternalTransfer.InternalTransfer_ER_FA_TestNG"/>
  <testcase name="clickSubmitER" time="14.876" classname="edu.apollogrp.tests.InternalTransfer.InternalTransfer_ER_FA_TestNG"/>
  <testcase name="clickSubmit" time="10.792" classname="edu.apollogrp.tests.InternalTransfer.InternalTransfer_ER_FA_TestNG"/>
  <testcase name="checkCallEstablishing" time="21.304" classname="edu.apollogrp.tests.InternalTransfer.InternalTransfer_ER_FA_TestNG"/>
  <testcase name="markACCCallDone" time="0.928" classname="edu.apollogrp.tests.InternalTransfer.InternalTransfer_ER_FA_TestNG"/>
  <testcase name="clickFinancequaltransfer" time="0.638" classname="edu.apollogrp.tests.InternalTransfer.InternalTransfer_ER_FA_TestNG"/>
  <testcase name="clickInstantCallConference" time="0.908" classname="edu.apollogrp.tests.InternalTransfer.InternalTransfer_ER_FA_TestNG"/>
  <testcase name="getCall" time="96.111" classname="edu.apollogrp.tests.InternalTransfer.InternalTransfer_ER_FA_TestNG"/>
  <testcase name="clickCaseInfo" time="0.885" classname="edu.apollogrp.tests.InternalTransfer.InternalTransfer_ER_FA_TestNG"/>
  <testcase name="endACCCall" time="7.190" classname="edu.apollogrp.tests.InternalTransfer.InternalTransfer_ER_FA_TestNG"/>
  <testcase name="clickConsultButton" time="0.507" classname="edu.apollogrp.tests.InternalTransfer.InternalTransfer_ER_FA_TestNG"/>
  <testcase name="clickPassword" time="0.335" classname="edu.apollogrp.tests.InternalTransfer.InternalTransfer_ER_FA_TestNG"/>
  <testcase name="clickUserName" time="0.547" classname="edu.apollogrp.tests.InternalTransfer.InternalTransfer_ER_FA_TestNG"/>
  <testcase name="clickInstantCallTransfer" time="0.551" classname="edu.apollogrp.tests.InternalTransfer.InternalTransfer_ER_FA_TestNG"/>
  <testcase name="checkDoNotMarket" time="424.397" classname="edu.apollogrp.tests.InternalTransfer.InternalTransfer_ER_FA_TestNG">
    <failure type="java.lang.AssertionError" message="exception in checkDoNotMarket">
      <![CDATA[java.lang.AssertionError: exception in checkDoNotMarket
	at org.testng.Assert.fail(Assert.java:94)
	at edu.apollogrp.tests.InternalTransfer.InternalTransfer_ER_FA_TestNG.checkDoNotMarket(InternalTransfer_ER_FA_TestNG.java:476)
	at sun.reflect.NativeMethodAccessorImpl.invoke0(Native Method)
	at sun.reflect.NativeMethodAccessorImpl.invoke(Unknown Source)
	at sun.reflect.DelegatingMethodAccessorImpl.invoke(Unknown Source)
	at java.lang.reflect.Method.invoke(Unknown Source)
	at org.testng.internal.MethodInvocationHelper.invokeMethod(MethodInvocationHelper.java:85)
	at org.testng.internal.Invoker.invokeMethod(Invoker.java:639)
	at org.testng.internal.Invoker.invokeTestMethod(Invoker.java:816)
	at org.testng.internal.Invoker.invokeTestMethods(Invoker.java:1124)
	at org.testng.internal.TestMethodWorker.invokeTestMethods(TestMethodWorker.java:125)
	at org.testng.internal.TestMethodWorker.run(TestMethodWorker.java:108)
	at org.testng.TestRunner.privateRun(TestRunner.java:774)
	at org.testng.TestRunner.run(TestRunner.java:624)
	at org.testng.SuiteRunner.runTest(SuiteRunner.java:359)
	at org.testng.SuiteRunner.runSequentially(SuiteRunner.java:354)
	at org.testng.SuiteRunner.privateRun(SuiteRunner.java:312)
	at org.testng.SuiteRunner.run(SuiteRunner.java:261)
	at org.testng.SuiteRunnerWorker.runSuite(SuiteRunnerWorker.java:52)
	at org.testng.SuiteRunnerWorker.run(SuiteRunnerWorker.java:86)
	at org.testng.TestNG.runSuitesSequentially(TestNG.java:1215)
	at org.testng.TestNG.runSuitesLocally(TestNG.java:1140)
	at org.testng.TestNG.run(TestNG.java:1048)
	at org.testng.remote.AbstractRemoteTestNG.run(AbstractRemoteTestNG.java:132)
	at org.testng.remote.RemoteTestNG.initAndRun(RemoteTestNG.java:236)
	at org.testng.remote.RemoteTestNG.main(RemoteTestNG.java:81)
]]>
    </failure>
  </testcase> <!-- checkDoNotMarket -->
  <testcase name="clickPasswordER" time="0.368" classname="edu.apollogrp.tests.InternalTransfer.InternalTransfer_ER_FA_TestNG"/>
  <testcase name="clickSearchMyFavButton" time="0.783" classname="edu.apollogrp.tests.InternalTransfer.InternalTransfer_ER_FA_TestNG"/>
  <testcase name="markERCallDone" time="1.006" classname="edu.apollogrp.tests.InternalTransfer.InternalTransfer_ER_FA_TestNG"/>
  <testcase name="setUp" time="26.951" classname="edu.apollogrp.tests.InternalTransfer.InternalTransfer_ER_FA_TestNG"/>
</testsuite> <!-- edu.apollogrp.tests.InternalTransfer.InternalTransfer_ER_FA_TestNG -->
