<?xml version="1.0" encoding="UTF-8"?>
<testng-results skipped="0" failed="1" total="21" passed="20">
  <reporter-output>
  </reporter-output>
  <suite name="Default suite" duration-ms="625074" started-at="2017-03-10T23:08:30Z" finished-at="2017-03-10T23:18:55Z">
    <groups>
    </groups>
    <test name="Default test" duration-ms="625074" started-at="2017-03-10T23:08:30Z" finished-at="2017-03-10T23:18:55Z">
      <class name="edu.apollogrp.tests.InternalTransfer.InternalTransfer_ER_FA_TestNG">
        <test-method status="PASS" signature="setUp()[pri:0, instance:edu.apollogrp.tests.InternalTransfer.InternalTransfer_ER_FA_TestNG@5cb9f472]" name="setUp" duration-ms="26951" started-at="2017-03-10T16:08:30Z" finished-at="2017-03-10T16:08:56Z">
          <reporter-output>
          </reporter-output>
        </test-method> <!-- setUp -->
        <test-method status="PASS" signature="setUpER()[pri:1, instance:edu.apollogrp.tests.InternalTransfer.InternalTransfer_ER_FA_TestNG@5cb9f472]" name="setUpER" duration-ms="14280" started-at="2017-03-10T16:08:56Z" finished-at="2017-03-10T16:09:11Z">
          <reporter-output>
          </reporter-output>
        </test-method> <!-- setUpER -->
        <test-method status="PASS" signature="clickUserNameER()[pri:2, instance:edu.apollogrp.tests.InternalTransfer.InternalTransfer_ER_FA_TestNG@5cb9f472]" name="clickUserNameER" duration-ms="652" started-at="2017-03-10T16:09:11Z" finished-at="2017-03-10T16:09:11Z">
          <reporter-output>
          </reporter-output>
        </test-method> <!-- clickUserNameER -->
        <test-method status="PASS" signature="clickPasswordER()[pri:3, instance:edu.apollogrp.tests.InternalTransfer.InternalTransfer_ER_FA_TestNG@5cb9f472]" name="clickPasswordER" duration-ms="368" started-at="2017-03-10T16:09:11Z" finished-at="2017-03-10T16:09:12Z">
          <reporter-output>
          </reporter-output>
        </test-method> <!-- clickPasswordER -->
        <test-method status="PASS" signature="clickSubmitER()[pri:4, instance:edu.apollogrp.tests.InternalTransfer.InternalTransfer_ER_FA_TestNG@5cb9f472]" name="clickSubmitER" duration-ms="14876" started-at="2017-03-10T16:09:12Z" finished-at="2017-03-10T16:09:27Z">
          <reporter-output>
          </reporter-output>
        </test-method> <!-- clickSubmitER -->
        <test-method status="PASS" signature="clickUserName()[pri:5, instance:edu.apollogrp.tests.InternalTransfer.InternalTransfer_ER_FA_TestNG@5cb9f472]" name="clickUserName" duration-ms="547" started-at="2017-03-10T16:09:27Z" finished-at="2017-03-10T16:09:27Z">
          <reporter-output>
          </reporter-output>
        </test-method> <!-- clickUserName -->
        <test-method status="PASS" signature="clickPassword()[pri:6, instance:edu.apollogrp.tests.InternalTransfer.InternalTransfer_ER_FA_TestNG@5cb9f472]" name="clickPassword" duration-ms="335" started-at="2017-03-10T16:09:27Z" finished-at="2017-03-10T16:09:28Z">
          <reporter-output>
          </reporter-output>
        </test-method> <!-- clickPassword -->
        <test-method status="PASS" signature="clickSubmit()[pri:7, instance:edu.apollogrp.tests.InternalTransfer.InternalTransfer_ER_FA_TestNG@5cb9f472]" name="clickSubmit" duration-ms="10792" started-at="2017-03-10T16:09:28Z" finished-at="2017-03-10T16:09:38Z">
          <reporter-output>
          </reporter-output>
        </test-method> <!-- clickSubmit -->
        <test-method status="PASS" signature="getCall()[pri:8, instance:edu.apollogrp.tests.InternalTransfer.InternalTransfer_ER_FA_TestNG@5cb9f472]" name="getCall" duration-ms="96111" started-at="2017-03-10T16:09:38Z" finished-at="2017-03-10T16:11:14Z">
          <reporter-output>
          </reporter-output>
        </test-method> <!-- getCall -->
        <test-method status="PASS" signature="clickCaseInfo()[pri:9, instance:edu.apollogrp.tests.InternalTransfer.InternalTransfer_ER_FA_TestNG@5cb9f472]" name="clickCaseInfo" duration-ms="885" started-at="2017-03-10T16:11:14Z" finished-at="2017-03-10T16:11:15Z">
          <reporter-output>
          </reporter-output>
        </test-method> <!-- clickCaseInfo -->
        <test-method status="PASS" signature="clickConsultButton()[pri:10, instance:edu.apollogrp.tests.InternalTransfer.InternalTransfer_ER_FA_TestNG@5cb9f472]" name="clickConsultButton" duration-ms="507" started-at="2017-03-10T16:11:15Z" finished-at="2017-03-10T16:11:16Z">
          <reporter-output>
          </reporter-output>
        </test-method> <!-- clickConsultButton -->
        <test-method status="PASS" signature="clickSearchMyFavButton()[pri:11, instance:edu.apollogrp.tests.InternalTransfer.InternalTransfer_ER_FA_TestNG@5cb9f472]" name="clickSearchMyFavButton" duration-ms="783" started-at="2017-03-10T16:11:16Z" finished-at="2017-03-10T16:11:17Z">
          <reporter-output>
          </reporter-output>
        </test-method> <!-- clickSearchMyFavButton -->
        <test-method status="PASS" signature="clickFinancequaltransfer()[pri:12, instance:edu.apollogrp.tests.InternalTransfer.InternalTransfer_ER_FA_TestNG@5cb9f472]" name="clickFinancequaltransfer" duration-ms="638" started-at="2017-03-10T16:11:17Z" finished-at="2017-03-10T16:11:17Z">
          <reporter-output>
          </reporter-output>
        </test-method> <!-- clickFinancequaltransfer -->
        <test-method status="PASS" signature="checkCallEstablishing()[pri:13, instance:edu.apollogrp.tests.InternalTransfer.InternalTransfer_ER_FA_TestNG@5cb9f472]" name="checkCallEstablishing" duration-ms="21304" started-at="2017-03-10T16:11:17Z" finished-at="2017-03-10T16:11:39Z">
          <reporter-output>
          </reporter-output>
        </test-method> <!-- checkCallEstablishing -->
        <test-method status="PASS" signature="clickInstantCallTransfer()[pri:14, instance:edu.apollogrp.tests.InternalTransfer.InternalTransfer_ER_FA_TestNG@5cb9f472]" name="clickInstantCallTransfer" duration-ms="551" started-at="2017-03-10T16:11:39Z" finished-at="2017-03-10T16:11:39Z">
          <reporter-output>
          </reporter-output>
        </test-method> <!-- clickInstantCallTransfer -->
        <test-method status="PASS" signature="clickInstantCallConference()[pri:15, instance:edu.apollogrp.tests.InternalTransfer.InternalTransfer_ER_FA_TestNG@5cb9f472]" name="clickInstantCallConference" duration-ms="908" started-at="2017-03-10T16:11:39Z" finished-at="2017-03-10T16:11:40Z">
          <reporter-output>
          </reporter-output>
        </test-method> <!-- clickInstantCallConference -->
        <test-method status="PASS" signature="endACCCall()[pri:16, instance:edu.apollogrp.tests.InternalTransfer.InternalTransfer_ER_FA_TestNG@5cb9f472]" name="endACCCall" duration-ms="7190" started-at="2017-03-10T16:11:40Z" finished-at="2017-03-10T16:11:47Z">
          <reporter-output>
          </reporter-output>
        </test-method> <!-- endACCCall -->
        <test-method status="PASS" signature="markACCCallDone()[pri:17, instance:edu.apollogrp.tests.InternalTransfer.InternalTransfer_ER_FA_TestNG@5cb9f472]" name="markACCCallDone" duration-ms="928" started-at="2017-03-10T16:11:47Z" finished-at="2017-03-10T16:11:48Z">
          <reporter-output>
          </reporter-output>
        </test-method> <!-- markACCCallDone -->
        <test-method status="FAIL" signature="checkDoNotMarket()[pri:18, instance:edu.apollogrp.tests.InternalTransfer.InternalTransfer_ER_FA_TestNG@5cb9f472]" name="checkDoNotMarket" duration-ms="424397" started-at="2017-03-10T16:11:48Z" finished-at="2017-03-10T16:18:53Z">
          <exception class="java.lang.AssertionError">
            <message>
              <![CDATA[exception in checkDoNotMarket]]>
            </message>
            <full-stacktrace>
              <![CDATA[java.lang.AssertionError: exception in checkDoNotMarket
	at org.testng.Assert.fail(Assert.java:94)
	at edu.apollogrp.tests.InternalTransfer.InternalTransfer_ER_FA_TestNG.checkDoNotMarket(InternalTransfer_ER_FA_TestNG.java:476)
	at sun.reflect.NativeMethodAccessorImpl.invoke0(Native Method)
	at sun.reflect.NativeMethodAccessorImpl.invoke(Unknown Source)
	at sun.reflect.DelegatingMethodAccessorImpl.invoke(Unknown Source)
	at java.lang.reflect.Method.invoke(Unknown Source)
	at org.testng.internal.MethodInvocationHelper.invokeMethod(MethodInvocationHelper.java:85)
	at org.testng.internal.Invoker.invokeMethod(Invoker.java:639)
	at org.testng.internal.Invoker.invokeTestMethod(Invoker.java:816)
	at org.testng.internal.Invoker.invokeTestMethods(Invoker.java:1124)
	at org.testng.internal.TestMethodWorker.invokeTestMethods(TestMethodWorker.java:125)
	at org.testng.internal.TestMethodWorker.run(TestMethodWorker.java:108)
	at org.testng.TestRunner.privateRun(TestRunner.java:774)
	at org.testng.TestRunner.run(TestRunner.java:624)
	at org.testng.SuiteRunner.runTest(SuiteRunner.java:359)
	at org.testng.SuiteRunner.runSequentially(SuiteRunner.java:354)
	at org.testng.SuiteRunner.privateRun(SuiteRunner.java:312)
	at org.testng.SuiteRunner.run(SuiteRunner.java:261)
	at org.testng.SuiteRunnerWorker.runSuite(SuiteRunnerWorker.java:52)
	at org.testng.SuiteRunnerWorker.run(SuiteRunnerWorker.java:86)
	at org.testng.TestNG.runSuitesSequentially(TestNG.java:1215)
	at org.testng.TestNG.runSuitesLocally(TestNG.java:1140)
	at org.testng.TestNG.run(TestNG.java:1048)
	at org.testng.remote.AbstractRemoteTestNG.run(AbstractRemoteTestNG.java:132)
	at org.testng.remote.RemoteTestNG.initAndRun(RemoteTestNG.java:236)
	at org.testng.remote.RemoteTestNG.main(RemoteTestNG.java:81)
]]>
            </full-stacktrace>
          </exception> <!-- java.lang.AssertionError -->
          <reporter-output>
          </reporter-output>
        </test-method> <!-- checkDoNotMarket -->
        <test-method status="PASS" signature="endFACall()[pri:18, instance:edu.apollogrp.tests.InternalTransfer.InternalTransfer_ER_FA_TestNG@5cb9f472]" name="endFACall" duration-ms="1006" started-at="2017-03-10T16:18:53Z" finished-at="2017-03-10T16:18:54Z">
          <reporter-output>
          </reporter-output>
        </test-method> <!-- endFACall -->
        <test-method status="PASS" signature="markERCallDone()[pri:19, instance:edu.apollogrp.tests.InternalTransfer.InternalTransfer_ER_FA_TestNG@5cb9f472]" name="markERCallDone" duration-ms="1006" started-at="2017-03-10T16:18:54Z" finished-at="2017-03-10T16:18:55Z">
          <reporter-output>
          </reporter-output>
        </test-method> <!-- markERCallDone -->
      </class> <!-- edu.apollogrp.tests.InternalTransfer.InternalTransfer_ER_FA_TestNG -->
    </test> <!-- Default test -->
  </suite> <!-- Default suite -->
</testng-results>
