<?xml version="1.0" encoding="UTF-8"?>
<!-- Generated by org.testng.reporters.JUnitXMLReporter -->
<testsuite hostname="USPHXAWNC0038Y6" name="selenium" tests="4" failures="1" timestamp="28 Dec 2016 22:50:05 GMT" time="0.026" errors="0">
  <testcase name="runSelenium" time="0.003" classname="com.mkyong.testng.examples.group.TestSelenium"/>
  <testcase name="runSelenium1" time="0.002" classname="com.mkyong.testng.examples.group.TestSelenium"/>
  <testcase name="runSelenium" time="0.002" classname="com.mkyong.testng.examples.group.TestGroup"/>
  <testcase name="runSelenium1" time="0.002" classname="com.mkyong.testng.examples.group.TestGroup">
    <failure type="java.lang.AssertionError" message="expected [6] but found [7]">
      <![CDATA[java.lang.AssertionError: expected [6] but found [7]
	at com.mkyong.testng.examples.group.TestGroup.runSelenium1(TestGroup.java:36)
... Removed 29 stack frames]]>
    </failure>
  </testcase> <!-- runSelenium1 -->
</testsuite> <!-- selenium -->
