<!DOCTYPE html PUBLIC "-//W3C//DTD XHTML 1.1//EN" "http://www.w3.org/TR/xhtml11/DTD/xhtml11.dtd">
<html xmlns="http://www.w3.org/1999/xhtml"><head><title>TestNG Report</title><style type="text/css">table {margin-bottom:10px;border-collapse:collapse;empty-cells:show}th,td {border:1px solid #009;padding:.25em .5em}th {vertical-align:bottom}td {vertical-align:top}table a {font-weight:bold}.stripe td {background-color: #E6EBF9}.num {text-align:right}.passedodd td {background-color: #3F3}.passedeven td {background-color: #0A0}.skippedodd td {background-color: #DDD}.skippedeven td {background-color: #CCC}.failedodd td,.attn {background-color: #F33}.failedeven td,.stripe .attn {background-color: #D00}.stacktrace {white-space:pre;font-family:monospace}.totop {font-size:85%;text-align:center;border-bottom:2px solid #000}</style></head><body><table><tr><th>Test</th><th># Passed</th><th># Skipped</th><th># Failed</th><th>Time (ms)</th><th>Included Groups</th><th>Excluded Groups</th></tr><tr><th colspan="7">Suite</th></tr><tr><td><a href="#t0">Test</a></td><td class="num">0</td><td class="num attn">15</td><td class="num attn">1</td><td class="num">57</td><td></td><td></td></tr></table><table><thead><tr><th>Class</th><th>Method</th><th>Start</th><th>Time (ms)</th></tr></thead><tbody><tr><th colspan="4">Suite</th></tr></tbody><tbody id="t0"><tr><th colspan="4">Test &#8212; failed</th></tr><tr class="failedeven"><td rowspan="1">com.apollo.old.automation.LeadAutomation_163</td><td><a href="#m0">tearDown</a></td><td rowspan="1">1483993064572</td><td rowspan="1">8</td></tr><tr><th colspan="4">Test &#8212; skipped</th></tr><tr class="skippedeven"><td rowspan="15">com.apollo.old.automation.LeadAutomation_163</td><td><a href="#m1">clickAddress</a></td><td rowspan="1">1483993064551</td><td rowspan="1">0</td></tr><tr class="skippedeven"><td><a href="#m2">clickAreaCode</a></td><td rowspan="1">1483993064559</td><td rowspan="1">0</td></tr><tr class="skippedeven"><td><a href="#m3">clickCampaign</a></td><td rowspan="1">1483993064567</td><td rowspan="1">0</td></tr><tr class="skippedeven"><td><a href="#m4">clickCity</a></td><td rowspan="1">1483993064553</td><td rowspan="1">0</td></tr><tr class="skippedeven"><td><a href="#m5">clickEmail</a></td><td rowspan="1">1483993064561</td><td rowspan="1">0</td></tr><tr class="skippedeven"><td><a href="#m6">clickFirstName</a></td><td rowspan="1">1483993064547</td><td rowspan="1">0</td></tr><tr class="skippedeven"><td><a href="#m7">clickLastName</a></td><td rowspan="1">1483993064549</td><td rowspan="1">0</td></tr><tr class="skippedeven"><td><a href="#m8">clickNotes</a></td><td rowspan="1">1483993064568</td><td rowspan="1">0</td></tr><tr class="skippedeven"><td><a href="#m9">clickPhone</a></td><td rowspan="1">1483993064560</td><td rowspan="1">0</td></tr><tr class="skippedeven"><td><a href="#m10">clickProgram</a></td><td rowspan="1">1483993064564</td><td rowspan="1">0</td></tr><tr class="skippedeven"><td><a href="#m11">clickSource</a></td><td rowspan="1">1483993064565</td><td rowspan="1">0</td></tr><tr class="skippedeven"><td><a href="#m12">clickState</a></td><td rowspan="1">1483993064555</td><td rowspan="1">0</td></tr><tr class="skippedeven"><td><a href="#m13">clickZipCode</a></td><td rowspan="1">1483993064557</td><td rowspan="1">0</td></tr><tr class="skippedeven"><td><a href="#m14">setUp</a></td><td rowspan="1">1483993064541</td><td rowspan="1">0</td></tr><tr class="skippedeven"><td><a href="#m15">writeInExcel</a></td><td rowspan="1">1483993064583</td><td rowspan="1">0</td></tr></tbody></table><h2>Test</h2><h3 id="m0">com.apollo.old.automation.LeadAutomation_163#tearDown</h3><table class="result"><tr><th>Exception</th></tr><tr><td><div class="stacktrace">java.lang.NullPointerException
	at com.apollo.old.automation.LeadAutomation_163.tearDown(LeadAutomation_163.java:259)
... Removed 24 stack frames</div></td></tr></table><p class="totop"><a href="#summary">back to summary</a></p><h3 id="m1">com.apollo.old.automation.LeadAutomation_163#clickAddress</h3><table class="result"><tr><th>Exception</th></tr><tr><td><div class="stacktrace">org.testng.TestNGException: 
Method clickAddress requires 1 parameters but 0 were supplied in the @Test annotation.
... Removed 23 stack frames</div></td></tr></table><p class="totop"><a href="#summary">back to summary</a></p><h3 id="m2">com.apollo.old.automation.LeadAutomation_163#clickAreaCode</h3><table class="result"><tr><th>Exception</th></tr><tr><td><div class="stacktrace">org.testng.TestNGException: 
Method clickAreaCode requires 1 parameters but 0 were supplied in the @Test annotation.
... Removed 23 stack frames</div></td></tr></table><p class="totop"><a href="#summary">back to summary</a></p><h3 id="m3">com.apollo.old.automation.LeadAutomation_163#clickCampaign</h3><table class="result"><tr><th>Exception</th></tr><tr><td><div class="stacktrace">org.testng.TestNGException: 
Method clickCampaign requires 1 parameters but 0 were supplied in the @Test annotation.
... Removed 23 stack frames</div></td></tr></table><p class="totop"><a href="#summary">back to summary</a></p><h3 id="m4">com.apollo.old.automation.LeadAutomation_163#clickCity</h3><table class="result"><tr><th>Exception</th></tr><tr><td><div class="stacktrace">org.testng.TestNGException: 
Method clickCity requires 1 parameters but 0 were supplied in the @Test annotation.
... Removed 23 stack frames</div></td></tr></table><p class="totop"><a href="#summary">back to summary</a></p><h3 id="m5">com.apollo.old.automation.LeadAutomation_163#clickEmail</h3><table class="result"><tr><th>Exception</th></tr><tr><td><div class="stacktrace">org.testng.TestNGException: 
Method clickEmail requires 1 parameters but 0 were supplied in the @Test annotation.
... Removed 23 stack frames</div></td></tr></table><p class="totop"><a href="#summary">back to summary</a></p><h3 id="m6">com.apollo.old.automation.LeadAutomation_163#clickFirstName</h3><table class="result"><tr><th>Exception</th></tr><tr><td><div class="stacktrace">org.testng.TestNGException: 
Method clickFirstName requires 2 parameters but 0 were supplied in the @Test annotation.
... Removed 23 stack frames</div></td></tr></table><p class="totop"><a href="#summary">back to summary</a></p><h3 id="m7">com.apollo.old.automation.LeadAutomation_163#clickLastName</h3><table class="result"><tr><th>Exception</th></tr><tr><td><div class="stacktrace">org.testng.TestNGException: 
Method clickLastName requires 1 parameters but 0 were supplied in the @Test annotation.
... Removed 23 stack frames</div></td></tr></table><p class="totop"><a href="#summary">back to summary</a></p><h3 id="m8">com.apollo.old.automation.LeadAutomation_163#clickNotes</h3><table class="result"><tr><th>Exception</th></tr><tr><td><div class="stacktrace">org.testng.TestNGException: 
Method clickNotes requires 1 parameters but 0 were supplied in the @Test annotation.
... Removed 23 stack frames</div></td></tr></table><p class="totop"><a href="#summary">back to summary</a></p><h3 id="m9">com.apollo.old.automation.LeadAutomation_163#clickPhone</h3><table class="result"><tr><th>Exception</th></tr><tr><td><div class="stacktrace">org.testng.TestNGException: 
Method clickPhone requires 1 parameters but 0 were supplied in the @Test annotation.
... Removed 23 stack frames</div></td></tr></table><p class="totop"><a href="#summary">back to summary</a></p><h3 id="m10">com.apollo.old.automation.LeadAutomation_163#clickProgram</h3><table class="result"><tr><th>Exception</th></tr><tr><td><div class="stacktrace">org.testng.TestNGException: 
Method clickProgram requires 1 parameters but 0 were supplied in the @Test annotation.
... Removed 23 stack frames</div></td></tr></table><p class="totop"><a href="#summary">back to summary</a></p><h3 id="m11">com.apollo.old.automation.LeadAutomation_163#clickSource</h3><table class="result"><tr><th>Exception</th></tr><tr><td><div class="stacktrace">org.testng.TestNGException: 
Method clickSource requires 1 parameters but 0 were supplied in the @Test annotation.
... Removed 23 stack frames</div></td></tr></table><p class="totop"><a href="#summary">back to summary</a></p><h3 id="m12">com.apollo.old.automation.LeadAutomation_163#clickState</h3><table class="result"><tr><th>Exception</th></tr><tr><td><div class="stacktrace">org.testng.TestNGException: 
Method clickState requires 1 parameters but 0 were supplied in the @Test annotation.
... Removed 23 stack frames</div></td></tr></table><p class="totop"><a href="#summary">back to summary</a></p><h3 id="m13">com.apollo.old.automation.LeadAutomation_163#clickZipCode</h3><table class="result"><tr><th>Exception</th></tr><tr><td><div class="stacktrace">org.testng.TestNGException: 
Method clickZipCode requires 1 parameters but 0 were supplied in the @Test annotation.
... Removed 23 stack frames</div></td></tr></table><p class="totop"><a href="#summary">back to summary</a></p><h3 id="m14">com.apollo.old.automation.LeadAutomation_163#setUp</h3><table class="result"><tr><th>Exception</th></tr><tr><td><div class="stacktrace">org.testng.TestNGException: 
Method setUp requires 1 parameters but 0 were supplied in the @Test annotation.
... Removed 23 stack frames</div></td></tr></table><p class="totop"><a href="#summary">back to summary</a></p><h3 id="m15">com.apollo.old.automation.LeadAutomation_163#writeInExcel</h3><table class="result"><tr><th>Exception</th></tr><tr><td><div class="stacktrace">org.testng.TestNGException: 
Method writeInExcel requires 3 parameters but 0 were supplied in the @Test annotation.
... Removed 23 stack frames</div></td></tr></table><p class="totop"><a href="#summary">back to summary</a></p></body></html>