<?xml version="1.0" encoding="UTF-8"?>
<testng-results skipped="1" failed="1" total="7" passed="5">
  <reporter-output>
  </reporter-output>
  <suite name="Suite" duration-ms="5834" started-at="2016-12-28T23:05:38Z" finished-at="2016-12-28T23:05:44Z">
    <groups>
      <group name="database">
        <method signature="TestGroup.testConnectMsSQL()[pri:0, instance:com.mkyong.testng.examples.group.TestGroup@7dad453f]" name="testConnectMsSQL" class="com.mkyong.testng.examples.group.TestGroup"/>
        <method signature="TestGroup.testConnectOracle()[pri:0, instance:com.mkyong.testng.examples.group.TestGroup@7dad453f]" name="testConnectOracle" class="com.mkyong.testng.examples.group.TestGroup"/>
      </group> <!-- database -->
      <group name="selenium-test">
        <method signature="TestGroup.runSelenium()[pri:0, instance:com.mkyong.testng.examples.group.TestGroup@7dad453f]" name="runSelenium" class="com.mkyong.testng.examples.group.TestGroup"/>
        <method signature="TestGroup.runSelenium1()[pri:0, instance:com.mkyong.testng.examples.group.TestGroup@7dad453f]" name="runSelenium1" class="com.mkyong.testng.examples.group.TestGroup"/>
        <method signature="TestSelenium.runSelenium()[pri:0, instance:com.mkyong.testng.examples.group.TestSelenium@124ab8f0]" name="runSelenium" class="com.mkyong.testng.examples.group.TestSelenium"/>
        <method signature="TestSelenium.runSelenium1()[pri:0, instance:com.mkyong.testng.examples.group.TestSelenium@124ab8f0]" name="runSelenium1" class="com.mkyong.testng.examples.group.TestSelenium"/>
      </group> <!-- selenium-test -->
    </groups>
    <test name="final" duration-ms="5834" started-at="2016-12-28T23:05:38Z" finished-at="2016-12-28T23:05:44Z">
      <class name="com.mkyong.testng.examples.group.TestSelenium">
        <test-method status="PASS" signature="runSelenium()[pri:0, instance:com.mkyong.testng.examples.group.TestSelenium@124ab8f0]" name="runSelenium" duration-ms="9" started-at="2016-12-28T16:05:38Z" finished-at="2016-12-28T16:05:38Z">
          <reporter-output>
          </reporter-output>
        </test-method> <!-- runSelenium -->
        <test-method status="PASS" signature="runSelenium1()[pri:0, instance:com.mkyong.testng.examples.group.TestSelenium@124ab8f0]" name="runSelenium1" duration-ms="4" started-at="2016-12-28T16:05:38Z" finished-at="2016-12-28T16:05:38Z">
          <reporter-output>
          </reporter-output>
        </test-method> <!-- runSelenium1 -->
      </class> <!-- com.mkyong.testng.examples.group.TestSelenium -->
      <class name="com.mkyong.testng.examples.group.TestGroup">
        <test-method status="PASS" signature="runSelenium()[pri:0, instance:com.mkyong.testng.examples.group.TestGroup@7dad453f]" name="runSelenium" duration-ms="4" started-at="2016-12-28T16:05:38Z" finished-at="2016-12-28T16:05:38Z">
          <reporter-output>
          </reporter-output>
        </test-method> <!-- runSelenium -->
        <test-method status="FAIL" signature="runSelenium1()[pri:0, instance:com.mkyong.testng.examples.group.TestGroup@7dad453f]" name="runSelenium1" duration-ms="4" started-at="2016-12-28T16:05:38Z" finished-at="2016-12-28T16:05:38Z">
          <exception class="java.lang.AssertionError">
            <message>
              <![CDATA[expected [6] but found [7]]]>
            </message>
            <full-stacktrace>
              <![CDATA[java.lang.AssertionError: expected [6] but found [7]
	at org.testng.Assert.fail(Assert.java:94)
	at org.testng.Assert.failNotEquals(Assert.java:494)
	at org.testng.Assert.assertEquals(Assert.java:123)
	at org.testng.Assert.assertEquals(Assert.java:370)
	at org.testng.Assert.assertEquals(Assert.java:380)
	at com.mkyong.testng.examples.group.TestGroup.runSelenium1(TestGroup.java:36)
	at sun.reflect.NativeMethodAccessorImpl.invoke0(Native Method)
	at sun.reflect.NativeMethodAccessorImpl.invoke(Unknown Source)
	at sun.reflect.DelegatingMethodAccessorImpl.invoke(Unknown Source)
	at java.lang.reflect.Method.invoke(Unknown Source)
	at org.testng.internal.MethodInvocationHelper.invokeMethod(MethodInvocationHelper.java:84)
	at org.testng.internal.Invoker.invokeMethod(Invoker.java:714)
	at org.testng.internal.Invoker.invokeTestMethod(Invoker.java:901)
	at org.testng.internal.Invoker.invokeTestMethods(Invoker.java:1231)
	at org.testng.internal.TestMethodWorker.invokeTestMethods(TestMethodWorker.java:127)
	at org.testng.internal.TestMethodWorker.run(TestMethodWorker.java:111)
	at org.testng.TestRunner.privateRun(TestRunner.java:767)
	at org.testng.TestRunner.run(TestRunner.java:617)
	at org.testng.SuiteRunner.runTest(SuiteRunner.java:334)
	at org.testng.SuiteRunner.runSequentially(SuiteRunner.java:329)
	at org.testng.SuiteRunner.privateRun(SuiteRunner.java:291)
	at org.testng.SuiteRunner.run(SuiteRunner.java:240)
	at org.testng.SuiteRunnerWorker.runSuite(SuiteRunnerWorker.java:52)
	at org.testng.SuiteRunnerWorker.run(SuiteRunnerWorker.java:86)
	at org.testng.TestNG.runSuitesSequentially(TestNG.java:1224)
	at org.testng.TestNG.runSuitesLocally(TestNG.java:1149)
	at org.testng.TestNG.run(TestNG.java:1057)
	at org.testng.remote.AbstractRemoteTestNG.run(AbstractRemoteTestNG.java:132)
	at org.testng.remote.RemoteTestNG.initAndRun(RemoteTestNG.java:236)
	at org.testng.remote.RemoteTestNG.main(RemoteTestNG.java:81)
]]>
            </full-stacktrace>
          </exception> <!-- java.lang.AssertionError -->
          <reporter-output>
          </reporter-output>
        </test-method> <!-- runSelenium1 -->
        <test-method status="PASS" signature="setupDB()[pri:0, instance:com.mkyong.testng.examples.group.TestGroup@7dad453f]" name="setupDB" is-config="true" duration-ms="0" started-at="2016-12-28T16:05:44Z" finished-at="2016-12-28T16:05:44Z">
          <reporter-output>
          </reporter-output>
        </test-method> <!-- setupDB -->
        <test-method status="PASS" signature="testConnectMsSQL()[pri:0, instance:com.mkyong.testng.examples.group.TestGroup@7dad453f]" name="testConnectMsSQL" duration-ms="5" started-at="2016-12-28T16:05:44Z" finished-at="2016-12-28T16:05:44Z">
          <reporter-output>
          </reporter-output>
        </test-method> <!-- testConnectMsSQL -->
        <test-method status="PASS" signature="testConnectOracle()[pri:0, instance:com.mkyong.testng.examples.group.TestGroup@7dad453f]" name="testConnectOracle" duration-ms="3" started-at="2016-12-28T16:05:44Z" finished-at="2016-12-28T16:05:44Z">
          <reporter-output>
          </reporter-output>
        </test-method> <!-- testConnectOracle -->
        <test-method status="PASS" signature="cleanDB()[pri:0, instance:com.mkyong.testng.examples.group.TestGroup@7dad453f]" name="cleanDB" is-config="true" duration-ms="0" started-at="2016-12-28T16:05:44Z" finished-at="2016-12-28T16:05:44Z">
          <reporter-output>
          </reporter-output>
        </test-method> <!-- cleanDB -->
        <test-method status="SKIP" signature="runFinal()[pri:0, instance:com.mkyong.testng.examples.group.TestGroup@7dad453f]" name="runFinal" duration-ms="0" depends-on-groups="database, selenium-test" started-at="2016-12-28T16:05:44Z" finished-at="2016-12-28T16:05:44Z">
          <reporter-output>
          </reporter-output>
        </test-method> <!-- runFinal -->
      </class> <!-- com.mkyong.testng.examples.group.TestGroup -->
    </test> <!-- final -->
  </suite> <!-- Suite -->
</testng-results>
